<?xml version="1.0" encoding="UTF-8"?>
<testsuite xmlns:xsi="http://www.w3.org/2001/XMLSchema-instance" xsi:noNamespaceSchemaLocation="https://maven.apache.org/surefire/maven-surefire-plugin/xsd/surefire-test-report.xsd" version="3.0.2" name="com.stormguard.stormguard_api.StormGuardApplicationTests" time="0.003" tests="1" errors="0" skipped="1" failures="0">
  <properties/>
  <testcase name="contextLoads" classname="com.stormguard.stormguard_api.StormGuardApplicationTests" time="0.0">
    <skipped message="class com.stormguard.stormguard_api.StormGuardApplicationTests is @Disabled"/>
  </testcase>
</testsuite>